
=== Tue Jun 11 15:57:34 2019

Packages were changed.
Update Mode: mergeDefaultDependencies

The following packages were updated:
  com.unity.analytics from version 3.2.2 to 3.3.2
  com.unity.collab-proxy from version 1.2.9 to 1.2.16
  com.unity.package-manager-ui from version 2.1.1 to 2.1.2
  com.unity.purchasing from version 2.0.1 to 2.0.6
  com.unity.textmeshpro from version 1.3.0 to 2.0.1
  com.unity.timeline from version 0.0.0-builtin to 1.0.0

=== Thu Jun 11 14:53:46 2020

Packages were changed.
Update Mode: updateDependencies

The following packages were added:
  com.unity.2d.sprite@1.0.0
  com.unity.2d.tilemap@1.0.0
  com.unity.ide.rider@1.1.4
  com.unity.ide.vscode@1.2.0
  com.unity.modules.androidjni@1.0.0
  com.unity.test-framework@1.1.13
  com.unity.ugui@1.0.0
The following packages were updated:
  com.unity.2d.pixel-perfect from version 1.0.1-preview to 2.0.4
  com.unity.ads from version 2.0.8 to 3.4.4
  com.unity.analytics from version 3.3.2 to 3.3.5
  com.unity.timeline from version 1.0.0 to 1.2.6
The following packages were removed:
  com.unity.package-manager-ui@2.1.2

=== Fri Aug  7 14:15:06 2020

Packages were changed.
Update Mode: updateDependencies

The following packages were added:
  com.unity.ide.visualstudio@2.0.2
The following packages were updated:
  com.unity.2d.pixel-perfect from version 2.0.4 to 4.0.0
  com.unity.ads from version 3.4.4 to 3.4.7
  com.unity.cinemachine from version 2.3.4 to 2.5.0
  com.unity.collab-proxy from version 1.2.16 to 1.3.8
  com.unity.ide.rider from version 1.1.4 to 2.0.5
  com.unity.ide.vscode from version 1.2.0 to 1.2.1
  com.unity.test-framework from version 1.1.13 to 1.1.14
  com.unity.textmeshpro from version 2.0.1 to 3.0.0-preview.1

=== Fri Dec 23 13:54:36 2022

Packages were changed.
Update Mode: updateDependencies

The following packages were updated:
  com.unity.2d.pixel-perfect from version 4.0.0 to 5.0.1
  com.unity.ads from version 3.4.7 to 4.3.0
  com.unity.analytics from version 3.3.5 to 3.7.1
  com.unity.cinemachine from version 2.5.0 to 2.8.9
  com.unity.collab-proxy from version 1.3.8 to 1.17.2
  com.unity.ide.rider from version 2.0.5 to 3.0.15
  com.unity.ide.visualstudio from version 2.0.2 to 2.0.16
  com.unity.ide.vscode from version 1.2.1 to 1.2.5
  com.unity.mathematics from version 1.1.0 to 1.2.6
  com.unity.purchasing from version 2.0.6 to 4.4.1
  com.unity.test-framework from version 1.1.14 to 1.1.33
  com.unity.textmeshpro from version 3.0.0-preview.1 to 3.0.6
  com.unity.timeline from version 1.2.6 to 1.7.1
